TN:
SF:src/handler.ts
FN:94,tracedHandler
FN:99,(anonymous_2)
FN:100,(anonymous_3)
FN:146,(anonymous_4)
FNF:4
FNH:4
FNDA:12,tracedHandler
FNDA:12,(anonymous_2)
FNDA:12,(anonymous_3)
FNDA:1,(anonymous_4)
DA:1,1
DA:3,1
DA:4,1
DA:5,1
DA:6,1
DA:94,1
DA:98,12
DA:99,12
DA:100,12
DA:101,12
DA:102,12
DA:103,12
DA:107,12
DA:108,1
DA:109,1
DA:111,1
DA:112,1
DA:113,1
DA:114,1
DA:115,1
DA:121,12
DA:122,4
DA:124,1
DA:125,1
DA:126,1
DA:127,1
DA:128,1
DA:129,1
DA:130,1
DA:132,3
DA:134,1
DA:135,1
DA:136,1
DA:137,1
DA:138,1
DA:139,1
DA:145,12
DA:146,1
DA:147,1
DA:151,12
DA:154,11
DA:155,2
DA:156,2
DA:157,2
DA:158,1
DA:163,1
DA:166,9
DA:169,11
DA:171,1
DA:172,1
DA:173,1
DA:177,1
DA:179,12
DA:180,12
DA:181,12
DA:188,12
DA:189,12
DA:190,4
DA:191,4
DA:192,1
DA:193,1
DA:194,1
DA:196,3
DA:197,1
DA:200,0
DA:205,12
DA:216,11
DA:218,1
DA:219,1
DA:222,12
DA:223,11
DA:224,1
DA:225,1
LF:73
LH:72
BRDA:102,0,0,12
BRDA:107,1,0,1
BRDA:108,2,0,1
BRDA:111,3,0,1
BRDA:113,4,0,1
BRDA:121,5,0,4
BRDA:121,6,0,12
BRDA:121,6,1,4
BRDA:122,7,0,1
BRDA:122,7,1,3
BRDA:122,8,0,4
BRDA:122,8,1,1
BRDA:125,9,0,1
BRDA:125,9,1,0
BRDA:126,10,0,1
BRDA:128,11,0,1
BRDA:128,11,1,0
BRDA:129,12,0,1
BRDA:129,12,1,0
BRDA:130,13,0,1
BRDA:130,13,1,0
BRDA:132,14,0,1
BRDA:132,15,0,3
BRDA:132,15,1,2
BRDA:135,16,0,1
BRDA:135,16,1,0
BRDA:136,17,0,1
BRDA:136,17,1,0
BRDA:137,18,0,1
BRDA:137,18,1,0
BRDA:138,19,0,1
BRDA:145,20,0,1
BRDA:154,21,0,2
BRDA:154,21,1,9
BRDA:154,22,0,11
BRDA:154,22,1,11
BRDA:154,22,2,2
BRDA:157,23,0,1
BRDA:157,23,1,1
BRDA:180,24,0,12
BRDA:189,25,0,4
BRDA:189,26,0,12
BRDA:189,26,1,12
BRDA:191,27,0,1
BRDA:191,27,1,3
BRDA:193,28,0,1
BRDA:193,29,0,1
BRDA:193,29,1,1
BRDA:196,30,0,1
BRDA:208,31,0,12
BRDA:208,31,1,11
BRDA:212,32,0,12
BRDA:212,32,1,10
BRDA:222,33,0,11
BRDA:222,33,1,1
BRDA:222,34,0,12
BRDA:222,34,1,1
BRDA:224,35,0,1
BRF:58
BRH:51
end_of_record
TN:
SF:src/state.ts
FN:7,(anonymous_1)
FN:13,(anonymous_2)
FN:14,(anonymous_3)
FN:20,(anonymous_4)
FN:27,(anonymous_5)
FNF:5
FNH:0
FNDA:0,(anonymous_1)
FNDA:0,(anonymous_2)
FNDA:0,(anonymous_3)
FNDA:0,(anonymous_4)
FNDA:0,(anonymous_5)
DA:2,0
DA:8,0
DA:14,0
DA:21,0
DA:28,0
DA:29,0
DA:30,0
DA:36,0
DA:37,0
DA:38,0
DA:50,0
DA:53,0
LF:12
LH:0
BRDA:29,0,0,0
BRDA:36,1,0,0
BRF:2
BRH:0
end_of_record
TN:
SF:src/extension/logger.js
FN:6,(anonymous_0)
FN:11,(anonymous_1)
FN:16,(anonymous_2)
FN:21,(anonymous_3)
FNF:4
FNH:0
FNDA:0,(anonymous_0)
FNDA:0,(anonymous_1)
FNDA:0,(anonymous_2)
FNDA:0,(anonymous_3)
DA:2,0
DA:5,0
DA:7,0
DA:8,0
DA:12,0
DA:13,0
DA:17,0
DA:18,0
DA:22,0
DA:23,0
LF:10
LH:0
BRDA:2,0,0,0
BRDA:2,0,1,0
BRDA:2,0,2,0
BRDA:7,1,0,0
BRDA:7,1,1,0
BRDA:12,2,0,0
BRDA:12,2,1,0
BRDA:12,3,0,0
BRDA:12,3,1,0
BRDA:17,4,0,0
BRDA:17,4,1,0
BRDA:17,5,0,0
BRDA:17,5,1,0
BRDA:22,6,0,0
BRDA:22,6,1,0
BRF:15
BRH:0
end_of_record
TN:
SF:src/telemetry/init.ts
FN:13,isColdStart
FN:17,setColdStart
FN:70,initTelemetry
FN:114,getTracerProvider
FNF:4
FNH:0
FNDA:0,isColdStart
FNDA:0,setColdStart
FNDA:0,initTelemetry
FNDA:0,getTracerProvider
DA:1,0
DA:2,0
DA:3,0
DA:5,0
DA:6,0
DA:7,0
DA:8,0
DA:11,0
DA:13,0
DA:14,0
DA:17,0
DA:18,0
DA:70,0
DA:78,0
DA:79,0
DA:83,0
DA:88,0
DA:94,0
DA:106,0
DA:109,0
DA:111,0
DA:114,0
DA:115,0
LF:23
LH:0
BRDA:78,0,0,0
BRDA:83,1,0,0
BRDA:83,1,1,0
BRDA:88,2,0,0
BRDA:88,2,1,0
BRDA:89,3,0,0
BRDA:89,3,1,0
BRDA:90,4,0,0
BRDA:90,4,1,0
BRDA:96,5,0,0
BRDA:96,5,1,0
BRDA:96,5,2,0
BRF:12
BRH:0
end_of_record
TN:
SF:src/telemetry/processor.ts
FN:27,(anonymous_0)
FN:37,(anonymous_1)
FN:46,(anonymous_2)
FN:64,(anonymous_3)
FN:82,(anonymous_4)
FN:118,(anonymous_5)
FN:133,(anonymous_6)
FN:144,(anonymous_7)
FN:152,(anonymous_8)
FN:176,(anonymous_9)
FN:192,(anonymous_10)
FN:203,(anonymous_11)
FN:204,(anonymous_12)
FN:214,(anonymous_13)
FN:235,(anonymous_14)
FNF:15
FNH:14
FNDA:14,(anonymous_0)
FNDA:10,(anonymous_1)
FNDA:67,(anonymous_2)
FNDA:15,(anonymous_3)
FNDA:0,(anonymous_4)
FNDA:14,(anonymous_5)
FNDA:6,(anonymous_6)
FNDA:68,(anonymous_7)
FNDA:69,(anonymous_8)
FNDA:67,(anonymous_9)
FNDA:10,(anonymous_10)
FNDA:8,(anonymous_11)
FNDA:15,(anonymous_12)
FNDA:8,(anonymous_13)
FNDA:4,(anonymous_14)
DA:2,1
DA:5,1
DA:16,14
DA:18,14
DA:20,14
DA:27,14
DA:28,14
DA:29,0
DA:31,14
DA:38,10
DA:47,67
DA:48,1
DA:50,66
DA:51,66
DA:52,66
DA:53,66
DA:65,15
DA:66,15
DA:68,8
DA:69,8
DA:70,66
DA:71,66
DA:72,66
DA:73,66
DA:75,8
DA:83,0
DA:103,1
DA:105,14
DA:106,14
DA:119,14
DA:122,14
DA:123,14
DA:124,14
DA:134,6
DA:135,0
DA:136,0
DA:138,6
DA:153,69
DA:154,1
DA:155,1
DA:159,68
DA:160,1
DA:163,67
DA:164,67
DA:166,0
DA:177,67
DA:178,67
DA:179,1
DA:180,1
DA:181,1
DA:183,1
DA:186,66
DA:187,0
DA:188,0
DA:193,10
DA:194,2
DA:195,2
DA:203,8
DA:204,8
DA:206,15
DA:208,15
DA:209,7
DA:210,7
DA:214,8
DA:215,8
DA:217,7
DA:219,1
DA:225,8
DA:236,4
DA:237,4
DA:238,4
LF:71
LH:64
BRDA:28,0,0,0
BRDA:47,1,0,1
BRDA:66,2,0,7
BRDA:122,3,0,14
BRDA:122,3,1,12
BRDA:123,4,0,14
BRDA:123,4,1,14
BRDA:134,5,0,0
BRDA:153,6,0,1
BRDA:159,7,0,1
BRDA:178,8,0,1
BRDA:180,9,0,1
BRDA:180,10,0,1
BRDA:180,10,1,0
BRDA:186,11,0,0
BRDA:193,12,0,2
BRDA:208,13,0,7
BRDA:215,14,0,7
BRDA:215,14,1,1
BRDA:219,15,0,1
BRDA:219,15,1,1
BRF:21
BRH:17
end_of_record
